<?xml version="1.0" encoding="UTF-8"?>
<!-- Generated by org.testng.reporters.JUnitReportReporter -->
<testsuite hostname="IN-PF2J0RXA" failures="0" tests="3" name="com.browserstack.BStackDemoTest" time="101.620" errors="0" timestamp="2025-05-27T19:24:07 IST" skipped="0">
  <testcase classname="com.browserstack.BStackDemoTest" name="addProductToCart" time="27.738"/>
  <system-out/>
  <testcase classname="com.browserstack.BStackDemoTest" name="addProductToCart" time="38.507"/>
  <system-out/>
  <testcase classname="com.browserstack.BStackDemoTest" name="addProductToCart" time="35.375"/>
  <system-out/>
</testsuite> <!-- com.browserstack.BStackDemoTest -->
