<?xml version="1.0" encoding="UTF-8"?>
<!-- Generated by org.testng.reporters.JUnitReportReporter -->
<testsuite hostname="IN-PF2J0RXA" failures="0" tests="3" name="com.browserstack.BStackLocalTest" time="52.827" errors="0" timestamp="2025-05-27T19:21:22 IST" skipped="0">
  <testcase classname="com.browserstack.BStackLocalTest" name="test" time="22.125"/>
  <system-out/>
  <testcase classname="com.browserstack.BStackLocalTest" name="test" time="19.451"/>
  <system-out/>
  <testcase classname="com.browserstack.BStackLocalTest" name="test" time="11.251"/>
  <system-out/>
</testsuite> <!-- com.browserstack.BStackLocalTest -->
